<?xml version="1.0" encoding="UTF-8"?>
<!-- Generated by org.testng.reporters.JUnitReportReporter -->
<testsuite skipped="0" hostname="com" name="com.TestRunner.TestRunner" tests="8" failures="0" timestamp="2020-08-04T22:01:50 IST" time="29.796" errors="0">
  <testcase name="runScenario" time="1.130" classname="com.TestRunner.TestRunner"/>
  <testcase name="runScenario" time="1.579" classname="com.TestRunner.TestRunner"/>
  <testcase name="runScenario" time="1.403" classname="com.TestRunner.TestRunner"/>
  <testcase name="runScenario" time="10.535" classname="com.TestRunner.TestRunner"/>
  <testcase name="runScenario" time="4.899" classname="com.TestRunner.TestRunner"/>
  <testcase name="runScenario" time="5.878" classname="com.TestRunner.TestRunner"/>
  <testcase name="runScenario" time="3.198" classname="com.TestRunner.TestRunner"/>
  <testcase name="runScenario" time="1.174" classname="com.TestRunner.TestRunner"/>
</testsuite> <!-- com.TestRunner.TestRunner -->
